Currently using device:0
GPU Device name: GeForce GTX 1080
Device global memory: 8508080128
Shared memory per block: 49152
Warp size: 32
Max threads per block: 1024
Max grid size: (2147483647,65535,65535)
Multiprocessor count: 20
Reading config file: run0_config.dat
Input velocity file name: notread.rst
prmtop file name: ../ADI2.prmtop
input coordinate file name: ADI2.equil.window.15.5.positions.rst
ISSPA prmtop file name: ../ADI2.isspatop
Force trajectory written to file: ADI2.run0.window.15.5.forces.xyz
Position trajectory written to file: ADI2.run0.window.15.5.positions.xyz
Velocity trajectory written to file: ADI2.run0.window.15.5.velocities.xyz
Position restart written to file: ADI2.run0.window.15.5.positions.rst
Velocity restart written to file: ADI2.run0.window.15.5.velocities.rst
Number of Monte Carlo points per atom: 100
Number of MD steps: 25000000
Write frequency: 1000
Temperature (K): 298.000000
Random number seed: 34669
Cutoff distance (Angstroms): 12.000000
Dielectric: 1.000000
Box Length (Angstroms): 200.000000
Box Volume (Angstroms^3): 8000000.000000
pnu (Anderson Thermostat Frequency): 0.030000
Harmonic bias sampling is on.
Harmonic bias file name: us_params.run0.dat
Reading system metadata from prmtop file
Number of atoms from prmtop file: 44
Number of atom types from prmtop file: 7
Number of bonds containing hydrogens: 24
Number of bonds NOT containing hydrogens: 18
Number of angles containing hydrogens: 50
Number of angles NOT containing hydrogens: 22
Number of dihs containing hydrogens: 86
Number of dihs NOT containing hydrogens: 48
Length of excluded atoms list: 198
Number of unique bond types: 11
Number of unique angle types: 21
Number of unique dih types: 20
Number of molecules in prmtop file: 2
Umbrella sampling is turned on.  Reading US parameter file...
Reading US parameters from file: us_params.run0.dat
US force constant: 20.000000
US equilibrium position: 15.500000
Writing CV values to file: ADI2.run0.window.15.5.dat
Number of atoms in bias group 1: 22
Number of atoms in bias group 2: 22
Total number of biased atoms: 44
Mass of group 1: 144.175995
Mass of group 2: 144.175995
Nonbond kernel gridSize = 3
Nonbond kernel blockSize = 1024
Reading system metadata from ISSPA prmtop file
Number of atoms from prmtop file: 44
Number of ISSPA types from prmtop file: 16
Number of ISSPA force values per type in prmtop file: 120
Number of g force values per type in prmtop file: 120
Number of electric field values per type in prmtop file: 120
Number of IS-SPA mc kernel blocks: 5 
Number of IS-SPA mc kernel threads per block: 1024 
Number of IS-SPA field kernel blocks: 275 
Number of IS-SPA field kernel threads per block: 1024 
Number of IS-SPA force kernel blocks: 190 
Number of IS-SPA force kernel threads per block: 1024 
Number of IS-SPA force kernel MC points: 4416 4400 
Elapsed CPU/GPU time =    4163.86 s
Simulation time =      50.00 ns
Average ns/day =    1037.50
Bond force calculation time =      95.70 s (  2.3 %)
Angle force calculation time =      71.35 s (  1.7 %)
Dihedral force calculation time =     131.09 s (  3.1 %)
Nonbond force calculation time =     131.54 s (  3.2 %)
Neighbor list calculation time =       0.00 s (  0.0 %)
US bias force calculation time =     131.21 s (  3.2 %)
IS-SPA force calculation time =    2097.66 s ( 50.4 %)
Leap-frog propogation time =      84.34 s (  2.0 %)
Write trajectory file time =       5.52 s (  0.1 %)
Total percent accounted for =      66.01 %
